0 info it worked if it ends with ok
1 verbose cli [ '/usr/bin/node',
1 verbose cli   '/usr/bin/npm',
1 verbose cli   'install',
1 verbose cli   'jqueryify',
1 verbose cli   '2.0.0' ]
2 info using npm@1.3.8
3 info using node@v0.10.17
4 verbose node symlink /usr/bin/node
5 warn package.json imagine_front@0.0.1 No repository field.
6 verbose readDependencies using package.json deps
7 verbose cache add [ 'jqueryify@~2.0.0', null ]
8 verbose cache add name=undefined spec="jqueryify@~2.0.0" args=["jqueryify@~2.0.0",null]
9 verbose parsed url { protocol: null,
9 verbose parsed url   slashes: null,
9 verbose parsed url   auth: null,
9 verbose parsed url   host: null,
9 verbose parsed url   port: null,
9 verbose parsed url   hostname: null,
9 verbose parsed url   hash: null,
9 verbose parsed url   search: null,
9 verbose parsed url   query: null,
9 verbose parsed url   pathname: 'jqueryify@~2.0.0',
9 verbose parsed url   path: 'jqueryify@~2.0.0',
9 verbose parsed url   href: 'jqueryify@~2.0.0' }
10 verbose cache add name="jqueryify" spec="~2.0.0" args=["jqueryify","~2.0.0"]
11 verbose parsed url { protocol: null,
11 verbose parsed url   slashes: null,
11 verbose parsed url   auth: null,
11 verbose parsed url   host: null,
11 verbose parsed url   port: null,
11 verbose parsed url   hostname: null,
11 verbose parsed url   hash: null,
11 verbose parsed url   search: null,
11 verbose parsed url   query: null,
11 verbose parsed url   pathname: '~2.0.0',
11 verbose parsed url   path: '~2.0.0',
11 verbose parsed url   href: '~2.0.0' }
12 verbose addNamed [ 'jqueryify', '~2.0.0' ]
13 verbose addNamed [ null, '>=2.0.0-0 <2.1.0-0' ]
14 verbose cache add [ '2.0.0', null ]
15 verbose cache add name=undefined spec="2.0.0" args=["2.0.0",null]
16 verbose parsed url { protocol: null,
16 verbose parsed url   slashes: null,
16 verbose parsed url   auth: null,
16 verbose parsed url   host: null,
16 verbose parsed url   port: null,
16 verbose parsed url   hostname: null,
16 verbose parsed url   hash: null,
16 verbose parsed url   search: null,
16 verbose parsed url   query: null,
16 verbose parsed url   pathname: '2.0.0',
16 verbose parsed url   path: '2.0.0',
16 verbose parsed url   href: '2.0.0' }
17 silly lockFile 4e802583-jqueryify-2-0-0 jqueryify@~2.0.0
18 verbose lock jqueryify@~2.0.0 /home/upsmart/.npm/4e802583-jqueryify-2-0-0.lock
19 silly lockFile f7ca6a21-2-0-0 2.0.0
20 verbose lock 2.0.0 /home/upsmart/.npm/f7ca6a21-2-0-0.lock
21 silly addNameRange { name: 'jqueryify',
21 silly addNameRange   range: '>=2.0.0-0 <2.1.0-0',
21 silly addNameRange   hasData: false }
22 silly lockFile f7ca6a21-2-0-0 2.0.0
23 silly lockFile f7ca6a21-2-0-0 2.0.0
24 verbose addNamed [ '2.0.0', '' ]
25 verbose addNamed [ null, '*' ]
26 silly lockFile 5de0c6dd-2-0-0 2.0.0@
27 verbose lock 2.0.0@ /home/upsmart/.npm/5de0c6dd-2-0-0.lock
28 silly addNameRange { name: '2.0.0', range: '*', hasData: false }
29 verbose url raw 2.0.0
30 verbose url resolving [ 'https://registry.npmjs.org/', './2.0.0' ]
31 verbose url resolved https://registry.npmjs.org/2.0.0
32 info trying registry request attempt 1 at 11:35:52
33 http GET https://registry.npmjs.org/2.0.0
34 verbose url raw jqueryify
35 verbose url resolving [ 'https://registry.npmjs.org/', './jqueryify' ]
36 verbose url resolved https://registry.npmjs.org/jqueryify
37 info trying registry request attempt 1 at 11:35:52
38 verbose etag "7F7CFXFZ8T7YOP4170PRNGCZ1"
39 http GET https://registry.npmjs.org/jqueryify
40 http 404 https://registry.npmjs.org/2.0.0
41 silly registry.get cb [ 404,
41 silly registry.get   { server: 'CouchDB/1.3.1 (Erlang OTP/R15B03)',
41 silly registry.get     date: 'Sun, 22 Sep 2013 03:35:54 GMT',
41 silly registry.get     'content-type': 'application/json',
41 silly registry.get     'content-length': '52',
41 silly registry.get     'cache-control': 'must-revalidate' } ]
42 silly lockFile 5de0c6dd-2-0-0 2.0.0@
43 silly lockFile 5de0c6dd-2-0-0 2.0.0@
44 error 404 '2.0.0' is not in the npm registry.
44 error 404 You should bug the author to publish it
44 error 404
44 error 404 Note that you can also install from a
44 error 404 tarball, folder, or http url, or git url.
45 error System Linux 3.5.0-27-generic
46 error command "/usr/bin/node" "/usr/bin/npm" "install" "jqueryify" "2.0.0"
47 error cwd /home/upsmart/projects/imagine_front
48 error node -v v0.10.17
49 error npm -v 1.3.8
50 error code E404
51 verbose exit [ 1, true ]
